<?xml version="1.0" encoding="UTF-8"?>
<!-- Generated by org.testng.reporters.JUnitXMLReporter -->
<testsuite ignored="3" hostname="DESKTOP-L0JVME0" failures="1" tests="4" name="Patient Registration" time="27.28" errors="0" timestamp="2023-09-22T17:56:59 IST">
  <testcase classname="TestData.PatientData" name="click_Register_menu" time="5.975"/>
  <testcase classname="TestData.PatientData" name="demographics" time="0.802"/>
  <testcase classname="TestData.PatientData" name="contactInfo" time="0.543"/>
  <testcase classname="TestData.PatientData" name="verify_patient_vist" time="19.898">
    <failure type="org.openqa.selenium.ElementNotInteractableException" message="element not interactable
  (Session info: chrome=114.0.5735.134)
Build info: version: &amp;apos;4.11.0&amp;apos;, revision: &amp;apos;040bc5406b&amp;apos;
System info: os.name: &amp;apos;Windows 10&amp;apos;, os.arch: &amp;apos;amd64&amp;apos;, os.version: &amp;apos;10.0&amp;apos;, java.version: &amp;apos;20.0.1&amp;apos;
Driver info: org.openqa.selenium.chrome.ChromeDriver
Command: [75eebcced9ffe69e2ab2da9737d9c27b, sendKeysToElement {id=5B76A154178FDCE2AA0E6299B0C9DEA3_element_209, value=[Ljava.lang.CharSequence;@65c86db8}]
Capabilities {acceptInsecureCerts: false, browserName: chrome, browserVersion: 114.0.5735.134, chrome: {chromedriverVersion: 114.0.5735.90 (386bc09e8f4f..., userDataDir: C:\Users\UPL2\AppData\Local...}, goog:chromeOptions: {debuggerAddress: localhost:52371}, networkConnectionEnabled: false, pageLoadStrategy: normal, platformName: windows, proxy: Proxy(), se:cdp: ws://localhost:52371/devtoo..., se:cdpVersion: 114.0.5735.134, setWindowRect: true, strictFileInteractability: false, timeouts: {implicit: 0, pageLoad: 300000, script: 30000}, unhandledPromptBehavior: dismiss and notify, webauthn:extension:credBlob: true, webauthn:extension:largeBlob: true, webauthn:extension:minPinLength: true, webauthn:extension:prf: true, webauthn:virtualAuthenticators: true}
Element: [[ChromeDriver: chrome on windows (75eebcced9ffe69e2ab2da9737d9c27b)] -&amp;gt; xpath: //*[@id=&amp;quot;visit-documents-dropzone&amp;quot;]]
Session ID: 75eebcced9ffe69e2ab2da9737d9c27b">
      <![CDATA[org.openqa.selenium.ElementNotInteractableException: element not interactable
  (Session info: chrome=114.0.5735.134)
Build info: version: '4.11.0', revision: '040bc5406b'
System info: os.name: 'Windows 10', os.arch: 'amd64', os.version: '10.0', java.version: '20.0.1'
Driver info: org.openqa.selenium.chrome.ChromeDriver
Command: [75eebcced9ffe69e2ab2da9737d9c27b, sendKeysToElement {id=5B76A154178FDCE2AA0E6299B0C9DEA3_element_209, value=[Ljava.lang.CharSequence;@65c86db8}]
Capabilities {acceptInsecureCerts: false, browserName: chrome, browserVersion: 114.0.5735.134, chrome: {chromedriverVersion: 114.0.5735.90 (386bc09e8f4f..., userDataDir: C:\Users\UPL2\AppData\Local...}, goog:chromeOptions: {debuggerAddress: localhost:52371}, networkConnectionEnabled: false, pageLoadStrategy: normal, platformName: windows, proxy: Proxy(), se:cdp: ws://localhost:52371/devtoo..., se:cdpVersion: 114.0.5735.134, setWindowRect: true, strictFileInteractability: false, timeouts: {implicit: 0, pageLoad: 300000, script: 30000}, unhandledPromptBehavior: dismiss and notify, webauthn:extension:credBlob: true, webauthn:extension:largeBlob: true, webauthn:extension:minPinLength: true, webauthn:extension:prf: true, webauthn:virtualAuthenticators: true}
Element: [[ChromeDriver: chrome on windows (75eebcced9ffe69e2ab2da9737d9c27b)] -> xpath: //*[@id="visit-documents-dropzone"]]
Session ID: 75eebcced9ffe69e2ab2da9737d9c27b
at org.openqa.selenium.remote.codec.w3c.W3CHttpResponseCodec.createException(W3CHttpResponseCodec.java:200)
at org.openqa.selenium.remote.codec.w3c.W3CHttpResponseCodec.decode(W3CHttpResponseCodec.java:133)
at org.openqa.selenium.remote.codec.w3c.W3CHttpResponseCodec.decode(W3CHttpResponseCodec.java:52)
at org.openqa.selenium.remote.HttpCommandExecutor.execute(HttpCommandExecutor.java:191)
at org.openqa.selenium.remote.service.DriverCommandExecutor.invokeExecute(DriverCommandExecutor.java:196)
at org.openqa.selenium.remote.service.DriverCommandExecutor.execute(DriverCommandExecutor.java:171)
at org.openqa.selenium.remote.RemoteWebDriver.execute(RemoteWebDriver.java:518)
at org.openqa.selenium.remote.RemoteWebElement.execute(RemoteWebElement.java:224)
at org.openqa.selenium.remote.RemoteWebElement.sendKeys(RemoteWebElement.java:111)
at org.openqa.selenium.support.pagefactory.internal.LocatingElementHandler.invoke(LocatingElementHandler.java:51)
at jdk.proxy2/jdk.proxy2.$Proxy16.sendKeys(Unknown Source)
at TestData.PatientData.verify_patient_vist(PatientData.java:54)
at java.base/java.util.ArrayList.forEach(ArrayList.java:1511)
... Removed 30 stack frames]]>
    </failure>
  </testcase> <!-- verify_patient_vist -->
  <testcase classname="Main.Index" name="@BeforeSuite launch_Browser" time="0.0">
    <ignored/>
  </testcase> <!-- @BeforeSuite launch_Browser -->
  <testcase classname="Main.Index" name="@BeforeSuite login" time="0.0">
    <ignored/>
  </testcase> <!-- @BeforeSuite login -->
  <testcase classname="Main.Index" name="@AfterSuite tear_down" time="0.0">
    <ignored/>
  </testcase> <!-- @AfterSuite tear_down -->
</testsuite> <!-- Patient Registration -->
